<?xml version="1.0" encoding="UTF-8"?>
<robot generator="Robot 7.2.2 (Python 3.13.3 on win32)" generated="2025-05-15T22:07:28.174794" rpa="false" schemaversion="5">
<suite id="s1" name="Test RadioButton" source="C:\RobotFrameworkBasics\Basics\Tests\Test_RadioButton.robot">
<test id="s1-t1" name="select an option of radio button" line="4">
<kw name="open the browser">
<kw name="Open Browser" owner="SeleniumLibrary">
<msg time="2025-05-15T22:07:28.571645" level="INFO">Opening browser 'chrome' to base url 'https://demo.automationtesting.in/Register.html'.</msg>
<arg>url=https://demo.automationtesting.in/Register.html</arg>
<arg>browser=chrome</arg>
<doc>Opens a new browser instance to the optional ``url``.</doc>
<status status="PASS" start="2025-05-15T22:07:28.571440" elapsed="4.831133"/>
</kw>
<kw name="Maximize Browser Window" owner="SeleniumLibrary">
<doc>Maximizes current browser window.</doc>
<status status="PASS" start="2025-05-15T22:07:33.405940" elapsed="0.042486"/>
</kw>
<kw name="Set Selenium Implicit Wait" owner="SeleniumLibrary">
<arg>5</arg>
<doc>Sets the implicit wait value used by Selenium.</doc>
<status status="PASS" start="2025-05-15T22:07:33.449129" elapsed="0.002405"/>
</kw>
<status status="PASS" start="2025-05-15T22:07:28.570889" elapsed="4.881366"/>
</kw>
<kw name="select options from 3 radio buttons">
<kw name="Page Should Contain Radio Button" owner="SeleniumLibrary">
<msg time="2025-05-15T22:07:33.508233" level="INFO">Current page contains radio button 'name:radiooptions'.</msg>
<arg>name:radiooptions</arg>
<doc>Verifies radio button ``locator`` is found from current page.</doc>
<status status="PASS" start="2025-05-15T22:07:33.454123" elapsed="0.054343"/>
</kw>
<kw name="Page Should Not Contain Radio Button" owner="SeleniumLibrary">
<msg time="2025-05-15T22:07:33.534195" level="INFO">Current page does not contain radio button 'id=checkbox1'.</msg>
<arg>id=checkbox1</arg>
<doc>Verifies radio button ``locator`` is not found from current page.</doc>
<status status="PASS" start="2025-05-15T22:07:33.510716" elapsed="0.023698"/>
</kw>
<kw name="Select Radio Button" owner="SeleniumLibrary">
<msg time="2025-05-15T22:07:33.537318" level="INFO">Selecting 'Male' from radio button 'radiooptions'.</msg>
<arg>radiooptions</arg>
<arg>Male</arg>
<doc>Sets the radio button group ``group_name`` to ``value``.</doc>
<status status="PASS" start="2025-05-15T22:07:33.536684" elapsed="0.127304"/>
</kw>
<status status="PASS" start="2025-05-15T22:07:33.453397" elapsed="0.212657"/>
</kw>
<kw name="verify that the radio buuton is selected">
<kw name="Radio Button Should Be Set To" owner="SeleniumLibrary">
<msg time="2025-05-15T22:07:33.668835" level="INFO">Verifying radio button 'radiooptions' has selection 'Male'.</msg>
<arg>radiooptions</arg>
<arg>Male</arg>
<doc>Verifies radio button group ``group_name`` is set to ``value``.</doc>
<status status="PASS" start="2025-05-15T22:07:33.668440" elapsed="0.053002"/>
</kw>
<status status="PASS" start="2025-05-15T22:07:33.667602" elapsed="0.055283"/>
</kw>
<status status="PASS" start="2025-05-15T22:07:28.570149" elapsed="5.153564"/>
</test>
<status status="PASS" start="2025-05-15T22:07:28.246970" elapsed="5.484235"/>
</suite>
<statistics>
<total>
<stat pass="1" fail="0" skip="0">All Tests</stat>
</total>
<tag>
</tag>
<suite>
<stat name="Test RadioButton" id="s1" pass="1" fail="0" skip="0">Test RadioButton</stat>
</suite>
</statistics>
<errors>
</errors>
</robot>
