<?xml version="1.0" encoding="UTF-8"?>
<robot generator="Robot 7.2.2 (Python 3.13.3 on win32)" generated="2025-05-19T10:57:36.029806" rpa="false" schemaversion="5">
<suite id="s1" name="Test DragDrop" source="C:\RobotFrameworkBasics\Basics\Tests\Test_DragDrop.robot">
<test id="s1-t1" name="Verify that the user can drag and drop elements" line="5">
<kw name="Open the Browser with url">
<kw name="Open Browser" owner="SeleniumLibrary">
<msg time="2025-05-19T10:57:36.398246" level="INFO">Opening browser 'Firefox' to base url 'https://demoqa.com/droppable'.</msg>
<arg>https://demoqa.com/droppable</arg>
<arg>${browser_name}</arg>
<doc>Opens a new browser instance to the optional ``url``.</doc>
<status status="PASS" start="2025-05-19T10:57:36.397844" elapsed="18.186785"/>
</kw>
<kw name="Maximize Browser Window" owner="SeleniumLibrary">
<doc>Maximizes current browser window.</doc>
<status status="PASS" start="2025-05-19T10:57:54.584820" elapsed="0.294103"/>
</kw>
<kw name="Set Browser Implicit Wait" owner="SeleniumLibrary">
<arg>5</arg>
<doc>Sets the implicit wait value used by Selenium.</doc>
<status status="PASS" start="2025-05-19T10:57:54.879871" elapsed="0.006018"/>
</kw>
<status status="PASS" start="2025-05-19T10:57:36.397089" elapsed="18.489090"/>
</kw>
<kw name="Verify the element text before drag">
<kw name="Sleep" owner="BuiltIn">
<msg time="2025-05-19T10:57:56.888817" level="INFO">Slept 2 seconds.</msg>
<arg>2s</arg>
<doc>Pauses the test executed for the given time.</doc>
<status status="PASS" start="2025-05-19T10:57:54.887817" elapsed="2.001339"/>
</kw>
<kw name="Element Text Should Be" owner="SeleniumLibrary">
<msg time="2025-05-19T10:57:56.890693" level="INFO">Verifying element 'id:droppable' contains exact text 'Drop here'.</msg>
<arg>id:droppable</arg>
<arg>Drop here</arg>
<doc>Verifies that element ``locator`` contains exact the text ``expected``.</doc>
<status status="PASS" start="2025-05-19T10:57:56.889689" elapsed="0.032278"/>
</kw>
<status status="PASS" start="2025-05-19T10:57:54.887129" elapsed="2.034994"/>
</kw>
<kw name="Drag the element and drop">
<kw name="Drag And Drop" owner="SeleniumLibrary">
<arg>id:draggable</arg>
<arg>id:droppable</arg>
<doc>Drags the element identified by ``locator`` into the ``target`` element.</doc>
<status status="PASS" start="2025-05-19T10:57:56.923472" elapsed="0.560890"/>
</kw>
<kw name="Sleep" owner="BuiltIn">
<msg time="2025-05-19T10:57:59.485736" level="INFO">Slept 2 seconds.</msg>
<arg>2s</arg>
<doc>Pauses the test executed for the given time.</doc>
<status status="PASS" start="2025-05-19T10:57:57.484767" elapsed="2.001132"/>
</kw>
<status status="PASS" start="2025-05-19T10:57:56.922760" elapsed="2.563282"/>
</kw>
<kw name="Verify the element Text after drag">
<kw name="Element Text Should Be" owner="SeleniumLibrary">
<msg time="2025-05-19T10:57:59.487495" level="INFO">Verifying element 'id:droppable' contains exact text 'Dropped!'.</msg>
<arg>id:droppable</arg>
<arg>Dropped!</arg>
<doc>Verifies that element ``locator`` contains exact the text ``expected``.</doc>
<status status="PASS" start="2025-05-19T10:57:59.487054" elapsed="0.016661"/>
</kw>
<kw name="Sleep" owner="BuiltIn">
<msg time="2025-05-19T10:58:01.504974" level="INFO">Slept 2 seconds.</msg>
<arg>2s</arg>
<doc>Pauses the test executed for the given time.</doc>
<status status="PASS" start="2025-05-19T10:57:59.504140" elapsed="2.000960"/>
</kw>
<status status="PASS" start="2025-05-19T10:57:59.486596" elapsed="2.018610"/>
</kw>
<status status="PASS" start="2025-05-19T10:57:36.396175" elapsed="25.109413"/>
</test>
<status status="PASS" start="2025-05-19T10:57:36.032214" elapsed="25.474587"/>
</suite>
<statistics>
<total>
<stat pass="1" fail="0" skip="0">All Tests</stat>
</total>
<tag>
</tag>
<suite>
<stat name="Test DragDrop" id="s1" pass="1" fail="0" skip="0">Test DragDrop</stat>
</suite>
</statistics>
<errors>
</errors>
</robot>
