<?xml version="1.0" encoding="UTF-8"?>
<robot generator="Robot 7.2.2 (Python 3.13.3 on win32)" generated="2025-05-16T17:15:59.298846" rpa="false" schemaversion="5">
<suite id="s1" name="Test LoginORMWithResource" source="C:\RobotFrameworkBasics\Basics\Tests\Test_LoginORMWithResource.robot">
<test id="s1-t1" name="Validate Unsuccessul Login" line="12">
<kw name="Open the Browser with URL" owner="resources">
<kw name="Create Webdriver" owner="SeleniumLibrary">
<msg time="2025-05-16T17:15:59.550565" level="INFO">Creating an instance of the Chrome WebDriver.</msg>
<arg>Chrome</arg>
<doc>Creates an instance of Selenium WebDriver.</doc>
<status status="PASS" start="2025-05-16T17:15:59.550361" elapsed="1.382937"/>
</kw>
<kw name="Go To" owner="SeleniumLibrary">
<msg time="2025-05-16T17:16:00.934293" level="INFO">Opening url 'https://opensource-demo.orangehrmlive.com/web/index.php/auth/login'</msg>
<arg>${url}</arg>
<doc>Navigates the current browser window to the provided ``url``.</doc>
<status status="PASS" start="2025-05-16T17:16:00.933666" elapsed="13.126143"/>
</kw>
<kw name="Maximize Browser Window" owner="SeleniumLibrary">
<doc>Maximizes current browser window.</doc>
<status status="PASS" start="2025-05-16T17:16:14.060220" elapsed="0.040923"/>
</kw>
<kw name="Set Selenium Implicit Wait" owner="SeleniumLibrary">
<arg>5</arg>
<doc>Sets the implicit wait value used by Selenium.</doc>
<status status="PASS" start="2025-05-16T17:16:14.101752" elapsed="0.003005"/>
</kw>
<status status="PASS" start="2025-05-16T17:15:59.549382" elapsed="14.555697"/>
</kw>
<kw name="Fill the login form">
<kw name="Input Text" owner="SeleniumLibrary">
<msg time="2025-05-16T17:16:14.107790" level="INFO">Typing text '1234' into text field 'css:input[name=username]'.</msg>
<arg>css:input[name=username]</arg>
<arg>${username}</arg>
<doc>Types the given ``text`` into the text field identified by ``locator``.</doc>
<status status="PASS" start="2025-05-16T17:16:14.106901" elapsed="1.120614"/>
</kw>
<kw name="Input Password" owner="SeleniumLibrary">
<msg time="2025-05-16T17:16:15.228186" level="INFO">Typing password into text field 'css:input[name=password]'.</msg>
<msg time="2025-05-16T17:16:15.279639" level="INFO">Temporally setting log level to: NONE</msg>
<arg>css:input[name=password]</arg>
<arg>${password}</arg>
<doc>Types the given password into the text field identified by ``locator``.</doc>
<status status="PASS" start="2025-05-16T17:16:15.227798" elapsed="0.126035"/>
</kw>
<kw name="Click Button" owner="SeleniumLibrary">
<msg time="2025-05-16T17:16:15.354800" level="INFO">Clicking button 'xpath://button[@class="oxd-button oxd-button--medium oxd-button--main orangehrm-login-button"]'.</msg>
<arg>xpath://button[@class="oxd-button oxd-button--medium oxd-button--main orangehrm-login-button"]</arg>
<doc>Clicks the button identified by ``locator``.</doc>
<status status="PASS" start="2025-05-16T17:16:15.354178" elapsed="1.282776"/>
</kw>
<arg>${invalid_username}</arg>
<arg>${invalid_password}</arg>
<status status="PASS" start="2025-05-16T17:16:14.106008" elapsed="2.531198"/>
</kw>
<kw name="verify error message is correct">
<kw name="Element Text Should Be" owner="SeleniumLibrary">
<msg time="2025-05-16T17:16:16.638991" level="INFO">Verifying element 'xpath://div[@class='oxd-alert-content oxd-alert-content--error']' contains exact text 'Invalid credentials'.</msg>
<arg>${Login_Error_Message}</arg>
<arg>Invalid credentials</arg>
<doc>Verifies that element ``locator`` contains exact the text ``expected``.</doc>
<status status="PASS" start="2025-05-16T17:16:16.638559" elapsed="0.425275"/>
</kw>
<status status="PASS" start="2025-05-16T17:16:16.638003" elapsed="0.426085"/>
</kw>
<kw name="Close Browser Session" owner="resources">
<kw name="Close Browser" owner="SeleniumLibrary">
<doc>Closes the current browser.</doc>
<status status="PASS" start="2025-05-16T17:16:17.065415" elapsed="2.312647"/>
</kw>
<status status="PASS" start="2025-05-16T17:16:17.064873" elapsed="2.313557"/>
</kw>
<tag>Smoke Regression</tag>
<status status="PASS" start="2025-05-16T17:15:59.548692" elapsed="19.830534"/>
</test>
<test id="s1-t2" name="Validate successful Login" line="19">
<kw name="Open the Browser with URL" owner="resources">
<kw name="Create Webdriver" owner="SeleniumLibrary">
<msg time="2025-05-16T17:16:19.383952" level="INFO">Creating an instance of the Chrome WebDriver.</msg>
<arg>Chrome</arg>
<doc>Creates an instance of Selenium WebDriver.</doc>
<status status="PASS" start="2025-05-16T17:16:19.382438" elapsed="1.355070"/>
</kw>
<kw name="Go To" owner="SeleniumLibrary">
<msg time="2025-05-16T17:16:20.738039" level="INFO">Opening url 'https://opensource-demo.orangehrmlive.com/web/index.php/auth/login'</msg>
<arg>${url}</arg>
<doc>Navigates the current browser window to the provided ``url``.</doc>
<status status="PASS" start="2025-05-16T17:16:20.737807" elapsed="4.315611"/>
</kw>
<kw name="Maximize Browser Window" owner="SeleniumLibrary">
<doc>Maximizes current browser window.</doc>
<status status="PASS" start="2025-05-16T17:16:25.053694" elapsed="0.033243"/>
</kw>
<kw name="Set Selenium Implicit Wait" owner="SeleniumLibrary">
<arg>5</arg>
<doc>Sets the implicit wait value used by Selenium.</doc>
<status status="PASS" start="2025-05-16T17:16:25.087498" elapsed="0.002975"/>
</kw>
<status status="PASS" start="2025-05-16T17:16:19.381823" elapsed="5.708937"/>
</kw>
<kw name="Fill the login form">
<kw name="Input Text" owner="SeleniumLibrary">
<msg time="2025-05-16T17:16:25.092795" level="INFO">Typing text 'Admin' into text field 'css:input[name=username]'.</msg>
<arg>css:input[name=username]</arg>
<arg>${username}</arg>
<doc>Types the given ``text`` into the text field identified by ``locator``.</doc>
<status status="PASS" start="2025-05-16T17:16:25.092489" elapsed="0.579699"/>
</kw>
<kw name="Input Password" owner="SeleniumLibrary">
<msg time="2025-05-16T17:16:25.673053" level="INFO">Typing password into text field 'css:input[name=password]'.</msg>
<msg time="2025-05-16T17:16:25.713141" level="INFO">Temporally setting log level to: NONE</msg>
<arg>css:input[name=password]</arg>
<arg>${password}</arg>
<doc>Types the given password into the text field identified by ``locator``.</doc>
<status status="PASS" start="2025-05-16T17:16:25.672557" elapsed="0.103552"/>
</kw>
<kw name="Click Button" owner="SeleniumLibrary">
<msg time="2025-05-16T17:16:25.776751" level="INFO">Clicking button 'xpath://button[@class="oxd-button oxd-button--medium oxd-button--main orangehrm-login-button"]'.</msg>
<arg>xpath://button[@class="oxd-button oxd-button--medium oxd-button--main orangehrm-login-button"]</arg>
<doc>Clicks the button identified by ``locator``.</doc>
<status status="PASS" start="2025-05-16T17:16:25.776439" elapsed="0.095270"/>
</kw>
<arg>${valid_username}</arg>
<arg>${valid_password}</arg>
<status status="PASS" start="2025-05-16T17:16:25.091803" elapsed="0.780146"/>
</kw>
<kw name="verify Dashboard page opens">
<kw name="Element Text Should Be" owner="SeleniumLibrary">
<msg time="2025-05-16T17:16:25.873460" level="INFO">Verifying element 'xpath://h6[text()="Dashboard"]' contains exact text 'Dashboard'.</msg>
<arg>${Dashboard_Text}</arg>
<arg>Dashboard</arg>
<doc>Verifies that element ``locator`` contains exact the text ``expected``.</doc>
<status status="PASS" start="2025-05-16T17:16:25.873020" elapsed="1.848506"/>
</kw>
<status status="PASS" start="2025-05-16T17:16:25.872440" elapsed="1.849321"/>
</kw>
<kw name="Close Browser Session" owner="resources">
<kw name="Close Browser" owner="SeleniumLibrary">
<doc>Closes the current browser.</doc>
<status status="PASS" start="2025-05-16T17:16:27.723099" elapsed="2.185875"/>
</kw>
<status status="PASS" start="2025-05-16T17:16:27.722491" elapsed="2.186757"/>
</kw>
<tag>UIT</tag>
<status status="PASS" start="2025-05-16T17:16:19.380609" elapsed="10.529408"/>
</test>
<doc>Tests to login to Login Page</doc>
<status status="PASS" start="2025-05-16T17:15:59.300392" elapsed="30.611502"/>
</suite>
<statistics>
<total>
<stat pass="2" fail="0" skip="0">All Tests</stat>
</total>
<tag>
<stat pass="1" fail="0" skip="0">Smoke Regression</stat>
<stat pass="1" fail="0" skip="0">UIT</stat>
</tag>
<suite>
<stat name="Test LoginORMWithResource" id="s1" pass="2" fail="0" skip="0">Test LoginORMWithResource</stat>
</suite>
</statistics>
<errors>
</errors>
</robot>
